Using pre-set license
Built from '2020.3/staging' branch; Version is '2020.3.18f1 (a7d1c678663c) revision 10998214'; Using compiler version '192528614'; Build Type 'Release'
OS: 'Windows 10 Home; OS build 19043.1889; Version 2009; 64bit' Language: 'en' Physical Memory: 8075 MB
BatchMode: 1, IsHumanControllingUs: 0, StartBugReporterOnCrash: 0, Is64bit: 1, IsPro: 0

COMMAND LINE ARGUMENTS:
C:\Program Files\Unity\Hub\Editor\2020.3.18f1\Editor\Unity.exe
-adb2
-batchMode
-noUpm
-name
AssetImportWorker46
-projectPath
C:/Users/orlam/OneDrive/Desktop/Save File/SyncVR/Tester Project/Tester VR
-logFile
Logs/AssetImportWorker46.log
-srvPort
49380
Successfully changed project path to: C:/Users/orlam/OneDrive/Desktop/Save File/SyncVR/Tester Project/Tester VR
C:/Users/orlam/OneDrive/Desktop/Save File/SyncVR/Tester Project/Tester VR
Using Asset Import Pipeline V2.
Refreshing native plugins compatible for Editor in 187.40 ms, found 3 plugins.
Preloading 0 native plugins for Editor in 0.00 ms.
Initialize engine version: 2020.3.18f1 (a7d1c678663c)
[Subsystems] Discovering subsystems at path C:/Program Files/Unity/Hub/Editor/2020.3.18f1/Editor/Data/Resources/UnitySubsystems
[Subsystems] Discovering subsystems at path C:/Users/orlam/OneDrive/Desktop/Save File/SyncVR/Tester Project/Tester VR/Assets
GfxDevice: creating device client; threaded=0
Direct3D:
    Version:  Direct3D 11.0 [level 11.1]
    Renderer: Intel(R) UHD Graphics 620 (ID=0x5917)
    Vendor:   
    VRAM:     4037 MB
    Driver:   26.20.100.7372
Initialize mono
Mono path[0] = 'C:/Program Files/Unity/Hub/Editor/2020.3.18f1/Editor/Data/Managed'
Mono path[1] = 'C:/Program Files/Unity/Hub/Editor/2020.3.18f1/Editor/Data/MonoBleedingEdge/lib/mono/unityjit'
Mono config path = 'C:/Program Files/Unity/Hub/Editor/2020.3.18f1/Editor/Data/MonoBleedingEdge/etc'
Using monoOptions --debugger-agent=transport=dt_socket,embedding=1,server=y,suspend=n,address=127.0.0.1:56788
Begin MonoManager ReloadAssembly
Registering precompiled unity dll's ...
Register platform support module: C:/Program Files/Unity/Hub/Editor/2020.3.18f1/Editor/Data/PlaybackEngines/WebGLSupport/UnityEditor.WebGL.Extensions.dll
Register platform support module: C:/Program Files/Unity/Hub/Editor/2020.3.18f1/Editor/Data/PlaybackEngines/MacStandaloneSupport/UnityEditor.OSXStandalone.Extensions.dll
Register platform support module: C:/Program Files/Unity/Hub/Editor/2020.3.18f1/Editor/Data/PlaybackEngines/WindowsStandaloneSupport/UnityEditor.WindowsStandalone.Extensions.dll
Registered in 0.029750 seconds.
Native extension for WindowsStandalone target not found
Native extension for OSXStandalone target not found
Native extension for WebGL target not found
Refreshing native plugins compatible for Editor in 108.40 ms, found 3 plugins.
Preloading 0 native plugins for Editor in 0.00 ms.
Mono: successfully reloaded assembly
- Completed reload, in 15.946 seconds
Domain Reload Profiling:
	ReloadAssembly (15946ms)
		BeginReloadAssembly (321ms)
			ExecutionOrderSort (0ms)
			DisableScriptedObjects (0ms)
			BackupInstance (0ms)
			ReleaseScriptingObjects (0ms)
			CreateAndSetChildDomain (1ms)
		EndReloadAssembly (995ms)
			LoadAssemblies (302ms)
			RebuildTransferFunctionScriptingTraits (0ms)
			SetupTypeCache (299ms)
			ReleaseScriptCaches (0ms)
			RebuildScriptCaches (89ms)
			SetupLoadedEditorAssemblies (337ms)
				LogAssemblyErrors (0ms)
				InitializePlatformSupportModulesInManaged (31ms)
				SetLoadedEditorAssemblies (1ms)
				RefreshPlugins (109ms)
				BeforeProcessingInitializeOnLoad (17ms)
				ProcessInitializeOnLoadAttributes (136ms)
				ProcessInitializeOnLoadMethodAttributes (44ms)
				AfterProcessingInitializeOnLoad (0ms)
				EditorAssembliesLoaded (0ms)
			ExecutionOrderSort2 (0ms)
			AwakeInstancesAfterBackupRestoration (0ms)
Platform modules already initialized, skipping
Registering precompiled user dll's ...
Registered in 0.041192 seconds.
Begin MonoManager ReloadAssembly
Native extension for WindowsStandalone target not found
Native extension for OSXStandalone target not found
Native extension for WebGL target not found
Refreshing native plugins compatible for Editor in 90.11 ms, found 3 plugins.
Preloading 0 native plugins for Editor in 0.00 ms.
[Build Check] RegisterBuildPlayerHandler,Already Do not show: True
UnityEngine.StackTraceUtility:ExtractStackTrace ()
UnityEngine.DebugLogHandler:LogFormat (UnityEngine.LogType,UnityEngine.Object,string,object[])
UnityEngine.Logger:Log (UnityEngine.LogType,object)
UnityEngine.Debug:Log (object)
Unity.XR.PXR.Editor.PXR_SDKBuildCheck:.cctor () (at C:/Users/orlam/Downloads/PicoXR_Platform_SDK-1.2.5_B81/PicoXR_Platform_SDK-1.2.5_B81/Editor/PXR_SDKBuildCheck.cs:35)
System.Runtime.CompilerServices.RuntimeHelpers:RunClassConstructor (System.RuntimeTypeHandle)
UnityEditor.EditorAssemblies:ProcessInitializeOnLoadAttributes (System.Type[])

(Filename: C:/Users/orlam/Downloads/PicoXR_Platform_SDK-1.2.5_B81/PicoXR_Platform_SDK-1.2.5_B81/Editor/PXR_SDKBuildCheck.cs Line: 35)

Mono: successfully reloaded assembly
- Completed reload, in  7.811 seconds
Domain Reload Profiling:
	ReloadAssembly (7821ms)
		BeginReloadAssembly (450ms)
			ExecutionOrderSort (0ms)
			DisableScriptedObjects (7ms)
			BackupInstance (0ms)
			ReleaseScriptingObjects (0ms)
			CreateAndSetChildDomain (34ms)
		EndReloadAssembly (7087ms)
			LoadAssemblies (4388ms)
			RebuildTransferFunctionScriptingTraits (0ms)
			SetupTypeCache (994ms)
			ReleaseScriptCaches (5ms)
			RebuildScriptCaches (196ms)
			SetupLoadedEditorAssemblies (1056ms)
				LogAssemblyErrors (0ms)
				InitializePlatformSupportModulesInManaged (15ms)
				SetLoadedEditorAssemblies (0ms)
				RefreshPlugins (90ms)
				BeforeProcessingInitializeOnLoad (319ms)
				ProcessInitializeOnLoadAttributes (522ms)
				ProcessInitializeOnLoadMethodAttributes (22ms)
				AfterProcessingInitializeOnLoad (86ms)
				EditorAssembliesLoaded (0ms)
			ExecutionOrderSort2 (0ms)
			AwakeInstancesAfterBackupRestoration (7ms)
Platform modules already initialized, skipping
========================================================================
Worker process is ready to serve import requests
Launched and connected shader compiler UnityShaderCompiler.exe after 0.29 seconds
Refreshing native plugins compatible for Editor in 0.59 ms, found 3 plugins.
Preloading 0 native plugins for Editor in 0.00 ms.
Unloading 2225 Unused Serialized files (Serialized files now loaded: 0)
System memory in use before: 94.1 MB.
System memory in use after: 94.2 MB.

Unloading 21 unused Assets to reduce memory usage. Loaded Objects now: 2663.
Total: 4.617800 ms (FindLiveObjects: 0.419000 ms CreateObjectMapping: 0.148100 ms MarkObjects: 3.952900 ms  DeleteObjects: 0.096100 ms)

AssetImportParameters requested are different than current active one (requested -> active):
  custom:framework-win-MediaFoundation: 216162199b28c13a410421893ffa2e32 -> 
  custom:video-decoder-ogg-theora: a1e56fd34408186e4bbccfd4996cb3dc -> 
  custom:container-muxer-webm: aa71ff27fc2769a1b78a27578f13a17b -> 
  custom:container-demuxer-webm: 4f35f7cbe854078d1ac9338744f61a02 -> 
  custom:container-demuxer-ogg: 62fdf1f143b41e24485cea50d1cbac27 -> 
  custom:video-encoder-webm-vp8: eb34c28f22e8b96e1ab97ce403110664 -> 
  custom:video-decoder-webm-vp8: 9c59270c3fd7afecdb556c50c9e8de78 -> 
  custom:audio-decoder-ogg-vorbis: bf7c407c2cedff20999df2af8eb42d56 -> 
  custom:audio-encoder-webm-vorbis: bf7c407c2cedff20999df2af8eb42d56 -> 
========================================================================
Received Prepare
Refreshing native plugins compatible for Editor in 38.10 ms, found 3 plugins.
Preloading 0 native plugins for Editor in 0.00 ms.
Unloading 10 Unused Serialized files (Serialized files now loaded: 0)
System memory in use before: 49.9 MB.
System memory in use after: 50.0 MB.

Unloading 10 unused Assets to reduce memory usage. Loaded Objects now: 2663.
Total: 13.569500 ms (FindLiveObjects: 0.490900 ms CreateObjectMapping: 0.179100 ms MarkObjects: 12.874700 ms  DeleteObjects: 0.022400 ms)

AssetImportParameters requested are different than current active one (requested -> active):
  custom:framework-win-MediaFoundation: 216162199b28c13a410421893ffa2e32 -> 
  custom:video-decoder-ogg-theora: a1e56fd34408186e4bbccfd4996cb3dc -> 
  custom:container-muxer-webm: aa71ff27fc2769a1b78a27578f13a17b -> 
  custom:container-demuxer-webm: 4f35f7cbe854078d1ac9338744f61a02 -> 
  custom:container-demuxer-ogg: 62fdf1f143b41e24485cea50d1cbac27 -> 
  custom:video-encoder-webm-vp8: eb34c28f22e8b96e1ab97ce403110664 -> 
  custom:video-decoder-webm-vp8: 9c59270c3fd7afecdb556c50c9e8de78 -> 
  custom:audio-decoder-ogg-vorbis: bf7c407c2cedff20999df2af8eb42d56 -> 
  custom:audio-encoder-webm-vorbis: bf7c407c2cedff20999df2af8eb42d56 -> 
========================================================================
Received Import Request.
  path: Assets/XR/Loaders/PXR Loader.asset
  artifactKey: Guid(5e555951a9561774b889d2ebb7e512f2) Importer(815301076,1909f56bfc062723c751e8b465ee728b)
Start importing Assets/XR/Loaders/PXR Loader.asset using Guid(5e555951a9561774b889d2ebb7e512f2) Importer(815301076,1909f56bfc062723c751e8b465ee728b)  -> (artifact id: '2f21356f18b0e6c0ab5d6c99e6cb90ba') in 0.173793 seconds 
  Import took 0.189096 seconds .

========================================================================
Received Import Request.
  Time since last request: 0.000413 seconds.
  path: Assets/XR/XRGeneralSettings.asset
  artifactKey: Guid(0cbe8acd693d3044c8d71d3ae0a07508) Importer(815301076,1909f56bfc062723c751e8b465ee728b)
Start importing Assets/XR/XRGeneralSettings.asset using Guid(0cbe8acd693d3044c8d71d3ae0a07508) Importer(815301076,1909f56bfc062723c751e8b465ee728b)  -> (artifact id: 'd7c9e0d4351fa138d64017435b2cdcdd') in 0.105773 seconds 
  Import took 0.122068 seconds .

========================================================================
Received Import Request.
  Time since last request: 0.000369 seconds.
  path: Assets/XRI/Settings/XRInteractionEditorSettings.asset
  artifactKey: Guid(a42ac1fc0472c0144951aed28e178629) Importer(815301076,1909f56bfc062723c751e8b465ee728b)
Start importing Assets/XRI/Settings/XRInteractionEditorSettings.asset using Guid(a42ac1fc0472c0144951aed28e178629) Importer(815301076,1909f56bfc062723c751e8b465ee728b)  -> (artifact id: '6b0211c6bac53d6ea19eebd3549760b2') in 0.237451 seconds 
  Import took 0.303772 seconds .

========================================================================
Received Import Request.
  Time since last request: 0.001918 seconds.
  path: Assets/XR/Settings/PXR Settings.asset
  artifactKey: Guid(ece3541375c9a6246998e8944f9269ce) Importer(815301076,1909f56bfc062723c751e8b465ee728b)
Start importing Assets/XR/Settings/PXR Settings.asset using Guid(ece3541375c9a6246998e8944f9269ce) Importer(815301076,1909f56bfc062723c751e8b465ee728b)  -> (artifact id: '646643efd1b269f6aca31d74476d3b74') in 0.141370 seconds 
  Import took 0.153827 seconds .

========================================================================
Received Prepare
Refreshing native plugins compatible for Editor in 39.18 ms, found 3 plugins.
Preloading 0 native plugins for Editor in 0.00 ms.
Unloading 10 Unused Serialized files (Serialized files now loaded: 0)
System memory in use before: 49.9 MB.
System memory in use after: 50.0 MB.

Unloading 10 unused Assets to reduce memory usage. Loaded Objects now: 2663.
Total: 14.935500 ms (FindLiveObjects: 0.405700 ms CreateObjectMapping: 0.180900 ms MarkObjects: 14.283400 ms  DeleteObjects: 0.063500 ms)

AssetImportParameters requested are different than current active one (requested -> active):
  custom:framework-win-MediaFoundation: 216162199b28c13a410421893ffa2e32 -> 
  custom:video-decoder-ogg-theora: a1e56fd34408186e4bbccfd4996cb3dc -> 
  custom:container-muxer-webm: aa71ff27fc2769a1b78a27578f13a17b -> 
  custom:container-demuxer-webm: 4f35f7cbe854078d1ac9338744f61a02 -> 
  custom:container-demuxer-ogg: 62fdf1f143b41e24485cea50d1cbac27 -> 
  custom:video-encoder-webm-vp8: eb34c28f22e8b96e1ab97ce403110664 -> 
  custom:video-decoder-webm-vp8: 9c59270c3fd7afecdb556c50c9e8de78 -> 
  custom:audio-decoder-ogg-vorbis: bf7c407c2cedff20999df2af8eb42d56 -> 
  custom:audio-encoder-webm-vorbis: bf7c407c2cedff20999df2af8eb42d56 -> 
========================================================================
Received Import Request.
  Time since last request: 791.075854 seconds.
  path: Assets/Scenes
  artifactKey: Guid(e2e010fa4571b4a4fa00828dcd036e55) Importer(815301076,1909f56bfc062723c751e8b465ee728b)
Start importing Assets/Scenes using Guid(e2e010fa4571b4a4fa00828dcd036e55) Importer(815301076,1909f56bfc062723c751e8b465ee728b)  -> (artifact id: '0513c250880ec426c61dab89edbcc6c5') in 0.049390 seconds 
  Import took 0.057310 seconds .

========================================================================
Received Import Request.
  Time since last request: 30.370821 seconds.
  path: Assets/Scenes/NewTest.unity
  artifactKey: Guid(a032ef2b67605a34fb2eefa82bce62c2) Importer(815301076,1909f56bfc062723c751e8b465ee728b)
Start importing Assets/Scenes/NewTest.unity using Guid(a032ef2b67605a34fb2eefa82bce62c2) Importer(815301076,1909f56bfc062723c751e8b465ee728b)  -> (artifact id: '36e6c5de58afb0ce91a42630fc0cb862') in 0.072992 seconds 
  Import took 0.099874 seconds .

========================================================================
Received Import Request.
  Time since last request: 488.711037 seconds.
  path: Packages/com.unity.xr.picoxr/Runtime/Scripts/PXR_Manager.cs
  artifactKey: Guid(6f359d08a9bf58d4996f913a3684fe8a) Importer(815301076,1909f56bfc062723c751e8b465ee728b)
Start importing Packages/com.unity.xr.picoxr/Runtime/Scripts/PXR_Manager.cs using Guid(6f359d08a9bf58d4996f913a3684fe8a) Importer(815301076,1909f56bfc062723c751e8b465ee728b)  -> (artifact id: 'fc19697e854b8450eb009b4ae61c38e9') in 0.082444 seconds 
  Import took 0.089713 seconds .

========================================================================
Received Import Request.
  Time since last request: 1.923919 seconds.
  path: Packages/com.unity.xr.picoxr/Editor/PXR_ManagerEditor.cs
  artifactKey: Guid(79735b12af5b1844aba3a1342ec41bb1) Importer(815301076,1909f56bfc062723c751e8b465ee728b)
Start importing Packages/com.unity.xr.picoxr/Editor/PXR_ManagerEditor.cs using Guid(79735b12af5b1844aba3a1342ec41bb1) Importer(815301076,1909f56bfc062723c751e8b465ee728b)  -> (artifact id: 'f8e1f6d6f3cc63c5737d934472bc2fee') in 0.062039 seconds 
  Import took 0.072549 seconds .

========================================================================
Received Import Request.
  Time since last request: 123.468450 seconds.
  path: Packages/com.unity.xr.picoxr/Assets/Resources/Controller/G2.prefab
  artifactKey: Guid(721fb128f76bd9b42be548dae9181de3) Importer(815301076,1909f56bfc062723c751e8b465ee728b)
Start importing Packages/com.unity.xr.picoxr/Assets/Resources/Controller/G2.prefab using Guid(721fb128f76bd9b42be548dae9181de3) Importer(815301076,1909f56bfc062723c751e8b465ee728b)  -> (artifact id: '99a137795b6f9c8dec369c56507e61bf') in 0.465376 seconds 
  Import took 0.492143 seconds .

========================================================================
Received Prepare
Refreshing native plugins compatible for Editor in 34.53 ms, found 3 plugins.
Preloading 0 native plugins for Editor in 0.00 ms.
Unloading 10 Unused Serialized files (Serialized files now loaded: 0)
System memory in use before: 53.6 MB.
System memory in use after: 53.7 MB.

Unloading 10 unused Assets to reduce memory usage. Loaded Objects now: 2673.
Total: 11.627500 ms (FindLiveObjects: 0.453500 ms CreateObjectMapping: 0.183400 ms MarkObjects: 10.962700 ms  DeleteObjects: 0.026100 ms)

AssetImportParameters requested are different than current active one (requested -> active):
  custom:framework-win-MediaFoundation: 216162199b28c13a410421893ffa2e32 -> 
  custom:video-decoder-ogg-theora: a1e56fd34408186e4bbccfd4996cb3dc -> 
  custom:container-muxer-webm: aa71ff27fc2769a1b78a27578f13a17b -> 
  custom:container-demuxer-webm: 4f35f7cbe854078d1ac9338744f61a02 -> 
  custom:container-demuxer-ogg: 62fdf1f143b41e24485cea50d1cbac27 -> 
  custom:video-encoder-webm-vp8: eb34c28f22e8b96e1ab97ce403110664 -> 
  custom:video-decoder-webm-vp8: 9c59270c3fd7afecdb556c50c9e8de78 -> 
  custom:audio-decoder-ogg-vorbis: bf7c407c2cedff20999df2af8eb42d56 -> 
  custom:audio-encoder-webm-vorbis: bf7c407c2cedff20999df2af8eb42d56 -> 
========================================================================
Received Prepare
Refreshing native plugins compatible for Editor in 29.31 ms, found 3 plugins.
Preloading 0 native plugins for Editor in 0.00 ms.
Unloading 10 Unused Serialized files (Serialized files now loaded: 0)
System memory in use before: 53.6 MB.
System memory in use after: 53.7 MB.

Unloading 10 unused Assets to reduce memory usage. Loaded Objects now: 2673.
Total: 9.653200 ms (FindLiveObjects: 0.630700 ms CreateObjectMapping: 0.374600 ms MarkObjects: 8.620200 ms  DeleteObjects: 0.025600 ms)

AssetImportParameters requested are different than current active one (requested -> active):
  custom:framework-win-MediaFoundation: 216162199b28c13a410421893ffa2e32 -> 
  custom:video-decoder-ogg-theora: a1e56fd34408186e4bbccfd4996cb3dc -> 
  custom:container-muxer-webm: aa71ff27fc2769a1b78a27578f13a17b -> 
  custom:container-demuxer-webm: 4f35f7cbe854078d1ac9338744f61a02 -> 
  custom:container-demuxer-ogg: 62fdf1f143b41e24485cea50d1cbac27 -> 
  custom:video-encoder-webm-vp8: eb34c28f22e8b96e1ab97ce403110664 -> 
  custom:video-decoder-webm-vp8: 9c59270c3fd7afecdb556c50c9e8de78 -> 
  custom:audio-decoder-ogg-vorbis: bf7c407c2cedff20999df2af8eb42d56 -> 
  custom:audio-encoder-webm-vorbis: bf7c407c2cedff20999df2af8eb42d56 -> 
========================================================================
Received Prepare
Refreshing native plugins compatible for Editor in 662.64 ms, found 3 plugins.
Preloading 0 native plugins for Editor in 0.00 ms.
Unloading 10 Unused Serialized files (Serialized files now loaded: 0)
System memory in use before: 53.6 MB.
System memory in use after: 53.7 MB.

Unloading 10 unused Assets to reduce memory usage. Loaded Objects now: 2673.
Total: 34.923500 ms (FindLiveObjects: 0.436300 ms CreateObjectMapping: 0.155400 ms MarkObjects: 34.280700 ms  DeleteObjects: 0.045800 ms)

AssetImportParameters requested are different than current active one (requested -> active):
  custom:framework-win-MediaFoundation: 216162199b28c13a410421893ffa2e32 -> 
  custom:video-decoder-ogg-theora: a1e56fd34408186e4bbccfd4996cb3dc -> 
  custom:container-muxer-webm: aa71ff27fc2769a1b78a27578f13a17b -> 
  custom:container-demuxer-webm: 4f35f7cbe854078d1ac9338744f61a02 -> 
  custom:container-demuxer-ogg: 62fdf1f143b41e24485cea50d1cbac27 -> 
  custom:video-encoder-webm-vp8: eb34c28f22e8b96e1ab97ce403110664 -> 
  custom:video-decoder-webm-vp8: 9c59270c3fd7afecdb556c50c9e8de78 -> 
  custom:audio-decoder-ogg-vorbis: bf7c407c2cedff20999df2af8eb42d56 -> 
  custom:audio-encoder-webm-vorbis: bf7c407c2cedff20999df2af8eb42d56 -> 
========================================================================
Received Import Request.
  Time since last request: 1270.302990 seconds.
  path: Assets/Scenes/SampleScene.unity
  artifactKey: Guid(9fc0d4010bbf28b4594072e72b8655ab) Importer(815301076,1909f56bfc062723c751e8b465ee728b)
Start importing Assets/Scenes/SampleScene.unity using Guid(9fc0d4010bbf28b4594072e72b8655ab) Importer(815301076,1909f56bfc062723c751e8b465ee728b)  -> (artifact id: 'cb2f1d54d89fc222f56e7ad3b1f69bd9') in 0.041801 seconds 
  Import took 0.049543 seconds .

AssetImportWorkerClient::OnTransportError - code=2 error=End of file
